e:\kgca36\dxproject\libporject\dxlib\dxlib.pdb
e:\kgca36\dxproject\libporject\dxlib\dxlib.idb
e:\kgca36\dxproject\libporject\dxlib\mfpscamera.obj
e:\kgca36\dxproject\libporject\dxlib\mfiledobj.obj
e:\kgca36\dxproject\libporject\dxlib\mdxwirte.obj
e:\kgca36\dxproject\libporject\dxlib\mdxstate.obj
e:\kgca36\dxproject\libporject\dxlib\mdirectlight.obj
e:\kgca36\dxproject\libporject\dxlib\mdevice.obj
e:\kgca36\dxproject\libporject\dxlib\m3dmaterial.obj
e:\kgca36\dxproject\libporject\dxlib\mcreate.obj
e:\kgca36\dxproject\libporject\dxlib\mcore.obj
e:\kgca36\dxproject\libporject\dxlib\mcameramgr.obj
e:\kgca36\dxproject\libporject\dxlib\mcamera.obj
e:\kgca36\dxproject\libporject\dxlib\mboundingbox.obj
e:\kgca36\dxproject\libporject\dxlib\m3dobjectmgr.obj
e:\kgca36\dxproject\libporject\dxlib\m3dobject.obj
e:\kgca36\dxproject\libporject\dxlib\m3dmodel.obj
e:\kgca36\dxproject\libporject\dxlib\mmaterialmgr.obj
e:\kgca36\dxproject\libporject\dxlib\mmaterial.obj
e:\kgca36\dxproject\libporject\dxlib\dxlib.tlog\cl.command.1.tlog
e:\kgca36\dxproject\libporject\dxlib\dxlib.tlog\cl.read.1.tlog
e:\kgca36\dxproject\libporject\dxlib\dxlib.tlog\cl.write.1.tlog
