C:\Program Files (x86)\Microsoft Visual Studio\2017\Professional\Common7\IDE\VC\VCTargets\Microsoft.CppBuild.targets(376,5): warning MSB8004: Intermediate 디렉터리가 슬래시로 끝나지 않습니다. Intermediate 디렉터리의 적절한 평가를 허용하는 데 필요하므로 이 빌드 인스턴스에서 슬래시를 추가합니다.
C:\Program Files (x86)\Microsoft Visual Studio\2017\Professional\Common7\IDE\VC\VCTargets\Microsoft.CppBuild.targets(377,5): warning MSB8004: Output 디렉터리가 슬래시로 끝나지 않습니다. Output 디렉터리의 적절한 평가를 허용하는 데 필요하므로 이 빌드 인스턴스에서 슬래시를 추가합니다.
  MinWriter.cpp
e:\kgca36\gitdx\dxproject\libporject\maxexporter\minwriter.cpp(56): warning C4267: 'return': 'size_t'에서 'UINT'(으)로 변환하면서 데이터가 손실될 수 있습니다.
e:\kgca36\gitdx\dxproject\libporject\maxexporter\minwriter.cpp(69): warning C4267: 'return': 'size_t'에서 'UINT'(으)로 변환하면서 데이터가 손실될 수 있습니다.
e:\kgca36\gitdx\dxproject\libporject\maxexporter\minwriter.cpp(292): warning C4267: '초기화 중': 'size_t'에서 'int'(으)로 변환하면서 데이터가 손실될 수 있습니다.
e:\kgca36\gitdx\dxproject\libporject\maxexporter\minwriter.cpp(302): warning C4267: '초기화 중': 'size_t'에서 'int'(으)로 변환하면서 데이터가 손실될 수 있습니다.
e:\kgca36\gitdx\dxproject\libporject\maxexporter\minwriter.cpp(623): warning C4267: '초기화 중': 'size_t'에서 'int'(으)로 변환하면서 데이터가 손실될 수 있습니다.
e:\kgca36\gitdx\dxproject\libporject\maxexporter\minwriter.cpp(640): warning C4267: '초기화 중': 'size_t'에서 'int'(으)로 변환하면서 데이터가 손실될 수 있습니다.
e:\kgca36\gitdx\dxproject\libporject\maxexporter\minwriter.cpp(880): warning C4267: '초기화 중': 'size_t'에서 'int'(으)로 변환하면서 데이터가 손실될 수 있습니다.
e:\kgca36\gitdx\dxproject\libporject\maxexporter\minwriter.cpp(896): warning C4267: '초기화 중': 'size_t'에서 'int'(으)로 변환하면서 데이터가 손실될 수 있습니다.
e:\kgca36\gitdx\dxproject\libporject\maxexporter\minwriter.cpp(1018): warning C4267: '=': 'size_t'에서 'int'(으)로 변환하면서 데이터가 손실될 수 있습니다.
e:\kgca36\gitdx\dxproject\libporject\maxexporter\minwriter.cpp(1019): warning C4267: '=': 'size_t'에서 'int'(으)로 변환하면서 데이터가 손실될 수 있습니다.
e:\kgca36\gitdx\dxproject\libporject\maxexporter\minwriter.cpp(1079): warning C4244: '초기화 중': 'float'에서 'int'(으)로 변환하면서 데이터가 손실될 수 있습니다.
e:\kgca36\gitdx\dxproject\libporject\maxexporter\minwriter.cpp(1079): warning C4244: '=': 'float'에서 'int'(으)로 변환하면서 데이터가 손실될 수 있습니다.
e:\kgca36\gitdx\dxproject\libporject\maxexporter\minwriter.cpp(1155): warning C4267: '=': 'size_t'에서 'int'(으)로 변환하면서 데이터가 손실될 수 있습니다.
e:\kgca36\gitdx\dxproject\libporject\maxexporter\minwriter.cpp(1156): warning C4267: '=': 'size_t'에서 'int'(으)로 변환하면서 데이터가 손실될 수 있습니다.
e:\kgca36\gitdx\dxproject\libporject\maxexporter\minwriter.cpp(1157): warning C4267: '=': 'size_t'에서 'int'(으)로 변환하면서 데이터가 손실될 수 있습니다.
e:\kgca36\gitdx\dxproject\libporject\maxexporter\minwriter.cpp(1194): warning C4477: 'fwprintf' : 서식 문자열 '%s'에 'wchar_t *' 형식의 인수가 필요하지만 variadic 인수 2의 형식이 'WStr'입니다.
e:\kgca36\gitdx\dxproject\libporject\maxexporter\minwriter.cpp(1258): warning C4267: 'return': 'size_t'에서 'UINT'(으)로 변환하면서 데이터가 손실될 수 있습니다.
  MaxExporter.vcxproj -> C:\Program Files\Autodesk\3ds Max 2019\Plugins\MinExporter.dle
