e:\kgca36\dxproject\libporject\maxexporter\output\minexporter.pch
e:\kgca36\dxproject\libporject\maxexporter\output\vc141.pdb
e:\kgca36\dxproject\libporject\maxexporter\output\vc141.idb
e:\kgca36\dxproject\libporject\maxexporter\output\stdafx.obj
e:\kgca36\dxproject\libporject\maxexporter\output\minexporter.obj
e:\kgca36\dxproject\libporject\maxexporter\output\dllmain.obj
e:\kgca36\dxproject\libporject\maxexporter\output\minwriter.obj
c:\program files\autodesk\3ds max 2019\plugins\minexporter.lib
c:\program files\autodesk\3ds max 2019\plugins\minexporter.exp
e:\kgca36\dxproject\libporject\maxexporter\output\minwriter.obj.enc
c:\program files\autodesk\3ds max 2019\plugins\minexporter.pdb
c:\program files\autodesk\3ds max 2019\plugins\minexporter.dle
c:\program files\autodesk\3ds max 2019\plugins\minexporter.ilk
e:\kgca36\dxproject\libporject\maxexporter\output\minexporter.tlog\cl.command.1.tlog
e:\kgca36\dxproject\libporject\maxexporter\output\minexporter.tlog\cl.read.1.tlog
e:\kgca36\dxproject\libporject\maxexporter\output\minexporter.tlog\cl.write.1.tlog
e:\kgca36\dxproject\libporject\maxexporter\output\minexporter.tlog\link.command.1.tlog
e:\kgca36\dxproject\libporject\maxexporter\output\minexporter.tlog\link.read.1.tlog
e:\kgca36\dxproject\libporject\maxexporter\output\minexporter.tlog\link.write.1.tlog
e:\kgca36\dxproject\libporject\maxexporter\output\minexporter.tlog\minexporter.write.1u.tlog
