e:\kgca36\gitdx\dxproject\dxgame2\dxgame2\x64\debug\vc141.pdb
e:\kgca36\gitdx\dxproject\dxgame2\dxgame2\x64\debug\vc141.idb
e:\kgca36\gitdx\dxproject\dxgame2\dxgame2\x64\debug\mhm.obj
e:\kgca36\gitdx\dxproject\dxgame2\dxgame2\x64\debug\msample.obj
e:\kgca36\gitdx\dxproject\dxgame2\dxgame2\x64\debug\fbxparser.obj
e:\kgca36\gitdx\dxproject\dxgame2\dxgame2\x64\debug\m3dbone.obj
e:\kgca36\gitdx\dxproject\dxgame2\dxgame2\x64\debug\m3ddummy.obj
e:\kgca36\gitdx\dxproject\dxgame2\dxgame2\x64\debug\mkeyanimation.obj
e:\kgca36\gitdx\dxproject\dxgame2\dxgame2\x64\debug\mkeyanimationmgr.obj
e:\kgca36\gitdx\dxproject\dxgame2\dxgame2\x64\debug\mkeydata.obj
e:\kgca36\gitdx\dxproject\dxgame2\dxgame2\x64\debug\mparser2.obj
e:\kgca36\gitdx\dxproject\dxgame2\dxgame2\x64\debug\mskeleton.obj
e:\kgca36\gitdx\dxproject\dxgame2\dxgame2\x64\debug\fbxparser.obj.enc
e:\kgca36\gitdx\dxproject\dxgame2\dxgame2\x64\debug\mhm.obj.enc
e:\kgca36\gitdx\dxproject\dxgame2\dxgame2\x64\debug\msample.obj.enc
e:\kgca36\gitdx\dxproject\dxgame2\dxgame2\x64\debug\dxgame2.tlog\cl.command.1.tlog
e:\kgca36\gitdx\dxproject\dxgame2\dxgame2\x64\debug\dxgame2.tlog\cl.read.1.tlog
e:\kgca36\gitdx\dxproject\dxgame2\dxgame2\x64\debug\dxgame2.tlog\cl.write.1.tlog
e:\kgca36\gitdx\dxproject\dxgame2\dxgame2\x64\debug\dxgame2.tlog\fxc.command.1.tlog
e:\kgca36\gitdx\dxproject\dxgame2\dxgame2\x64\debug\dxgame2.tlog\fxc.read.1.tlog
e:\kgca36\gitdx\dxproject\dxgame2\dxgame2\x64\debug\dxgame2.tlog\link.9416-cvtres.read.1.tlog
e:\kgca36\gitdx\dxproject\dxgame2\dxgame2\x64\debug\dxgame2.tlog\link.9416-cvtres.write.1.tlog
e:\kgca36\gitdx\dxproject\dxgame2\dxgame2\x64\debug\dxgame2.tlog\link.9416-rc.read.1.tlog
e:\kgca36\gitdx\dxproject\dxgame2\dxgame2\x64\debug\dxgame2.tlog\link.9416-rc.write.1.tlog
e:\kgca36\gitdx\dxproject\dxgame2\dxgame2\x64\debug\dxgame2.tlog\link.9416.read.1.tlog
e:\kgca36\gitdx\dxproject\dxgame2\dxgame2\x64\debug\dxgame2.tlog\link.9416.write.1.tlog
e:\kgca36\gitdx\dxproject\dxgame2\dxgame2\x64\debug\dxgame2.tlog\link.command.1.tlog
e:\kgca36\gitdx\dxproject\dxgame2\dxgame2\x64\debug\dxgame2.tlog\link.read.1.tlog
e:\kgca36\gitdx\dxproject\dxgame2\dxgame2\x64\debug\dxgame2.tlog\link.write.1.tlog
